android-app/EarlyBird/app/build/outputs/mapping/release/seeds.txt
com.underdogdeveloper.earlybird.Activities.SetAlarmActivity
com.underdogdeveloper.earlybird.customview.OverlayView
com.underdogdeveloper.earlybird.Activities.InfoActivity
com.underdogdeveloper.earlybird.BroadCasts.AlarmReciever
com.underdogdeveloper.earlybird.Views.AnalogClockView
com.underdogdeveloper.earlybird.Activities.SetMapoutActivity
com.underdogdeveloper.earlybird.BroadCasts.OnRebootReciever
com.underdogdeveloper.earlybird.Activities.MainActivity
com.underdogdeveloper.earlybird.service.AlarmService
com.underdogdeveloper.earlybird.Activities.SettingsActivity
com.underdogdeveloper.earlybird.Activities.DetectorActivity
com.underdogdeveloper.earlybird.Activities.ShowAlarmActivity
com.underdogdeveloper.earlybird.customview.AutoFitTextureView
com.underdogdeveloper.earlybird.Activities.FaceDetectionActivity
com.underdogdeveloper.earlybird.Activities.FaceDetectionActivity: FaceDetectionActivity()
com.underdogdeveloper.earlybird.Activities.InfoActivity: InfoActivity()
com.underdogdeveloper.earlybird.Activities.SetMapoutActivity: SetMapoutActivity()
com.underdogdeveloper.earlybird.Activities.SetAlarmActivity: void setMeredian(android.view.View)
com.underdogdeveloper.earlybird.customview.AutoFitTextureView: AutoFitTextureView(android.content.Context,android.util.AttributeSet)
com.underdogdeveloper.earlybird.BroadCasts.OnRebootReciever: OnRebootReciever()
com.underdogdeveloper.earlybird.Activities.DetectorActivity$DetectorMode: com.underdogdeveloper.earlybird.Activities.DetectorActivity$DetectorMode[] values()
com.underdogdeveloper.earlybird.Views.AnalogClockView: void setMinuteHandColor(int)
com.underdogdeveloper.earlybird.Views.AnalogClockView: int getSecondHandColor()
com.underdogdeveloper.earlybird.Views.AnalogClockView: void setDialCircleColor(int)
com.underdogdeveloper.earlybird.Views.AnalogClockView: void setCenterCircleCircle(int)
com.underdogdeveloper.earlybird.Activities.SetAlarmActivity: void selectMinute(android.view.View)
com.underdogdeveloper.earlybird.Views.AnalogClockView: int getMinuteHandColor()
com.underdogdeveloper.earlybird.Views.AnalogClockView: void setHeight(int)
com.underdogdeveloper.earlybird.Views.AnalogClockView: int getCenterCircleCircle()
com.underdogdeveloper.earlybird.Views.AnalogClockView: void setHourHandColor(int)
com.underdogdeveloper.earlybird.Activities.DetectorActivity$DetectorMode: com.underdogdeveloper.earlybird.Activities.DetectorActivity$DetectorMode valueOf(java.lang.String)
com.underdogdeveloper.earlybird.Activities.ShowAlarmActivity: ShowAlarmActivity()
com.underdogdeveloper.earlybird.Views.AnalogClockView: AnalogClockView(android.content.Context,android.util.AttributeSet)
com.underdogdeveloper.earlybird.Activities.DetectorActivity: DetectorActivity()
com.underdogdeveloper.earlybird.Activities.SettingsActivity: SettingsActivity()
com.underdogdeveloper.earlybird.Views.AnalogClockView: int getDialCircleColor()
com.underdogdeveloper.earlybird.Views.AnalogClockView: void setSecondHandColor(int)
com.underdogdeveloper.earlybird.customview.OverlayView: OverlayView(android.content.Context,android.util.AttributeSet)
com.underdogdeveloper.earlybird.Activities.SetAlarmActivity: void selectHour(android.view.View)
com.underdogdeveloper.earlybird.Activities.SetAlarmActivity: void pickDay(android.view.View)
com.underdogdeveloper.earlybird.Activities.MainActivity: MainActivity()
com.underdogdeveloper.earlybird.Activities.SetAlarmActivity: SetAlarmActivity()
com.underdogdeveloper.earlybird.Views.AnalogClockView: void setWidth(int)
com.underdogdeveloper.earlybird.Views.AnalogClockView: int getHourHandColor()
com.underdogdeveloper.earlybird.BroadCasts.AlarmReciever: AlarmReciever()
com.underdogdeveloper.earlybird.service.AlarmService: AlarmService()
...
com.google.firebase.ml.vision.VisionRegistrar
androidx.drawerlayout.widget.DrawerLayout
org.tensorflow.lite.annotations.UsedByReflection
com.google.android.material.bottomappbar.BottomAppBar$Behavior
androidx.activity.OnBackPressedDispatcher$LifecycleOnBackPressedCancellable
android.support.v4.media.MediaMetadataCompat
androidx.constraintlayout.widget.Barrier
com.google.android.gms.vision.face.internal.client.FaceParcel
android.support.v4.media.MediaBrowserCompat$CustomActionResultReceiver
androidx.appcompat.widget.SearchView
com.google.firebase.provider.FirebaseInitProvider
com.wonderkiln.camerakit.SurfaceViewContainer
com.google.android.gms.vision.clearcut.LogUtils
com.google.android.datatransport.runtime.scheduling.jobscheduling.AlarmManagerSchedulerBroadcastReceiver
android.support.v4.media.session.MediaSessionCompat$ResultReceiverWrapper
com.google.android.material.behavior.HideBottomViewOnScrollBehavior
com.google.firebase.analytics.FirebaseAnalytics
androidx.media.AudioAttributesImplBase
com.msquare.widget.mprogressbar.MProgressBar
com.google.android.gms.vision.L
android.support.v4.app.RemoteActionCompatParcelizer
androidx.fragment.app.DialogFragment
androidx.fragment.app.Fragment$5
androidx.appcompat.widget.SearchView$SearchAutoComplete
com.google.firebase.FirebaseCommonRegistrar
androidx.appcompat.widget.AlertDialogLayout
androidx.appcompat.widget.DialogTitle
com.google.android.material.internal.NavigationMenuItemView
androidx.media.AudioAttributesCompat
androidx.appcompat.widget.ContentFrameLayout
android.support.v4.media.MediaBrowserCompat$MediaItem
androidx.appcompat.widget.AppCompatButton
androidx.lifecycle.SingleGeneratedAdapterObserver
com.google.firebase.installations.FirebaseInstallationsRegistrar
androidx.media.AudioAttributesImplApi21Parcelizer
com.google.android.gms.vision.clearcut.LoggingConnectionCallbacks
com.google.android.gms.vision.clearcut.DynamiteClearcutLogger
android.support.v4.media.session.PlaybackStateCompat$CustomAction
androidx.appcompat.widget.ActivityChooserView$InnerLayout
android.support.v4.media.session.MediaControllerCompat$MediaControllerImplApi21$ExtraBinderRequestResultReceiver
androidx.appcompat.widget.ViewStubCompat
androidx.core.widget.NestedScrollView
androidx.appcompat.view.menu.ListMenuItemView
com.google.android.material.transformation.ExpandableTransformationBehavior
com.google.android.material.textfield.TextInputEditText
android.support.v4.media.MediaDescriptionCompat
com.google.android.gms.dynamite.descriptors.com.google.android.gms.flags.ModuleDescriptor
com.google.android.material.floatingactionbutton.ExtendedFloatingActionButton$ExtendedFloatingActionButtonBehavior
com.google.firebase.analytics.connector.internal.AnalyticsConnectorRegistrar
androidx.activity.ComponentActivity$5
com.google.android.datatransport.cct.CctBackendFactory
com.google.android.gms.measurement.internal.AppMeasurementDynamiteService
com.sdsmdg.harjot.crollerTest.Croller
com.google.android.material.timepicker.ClockFaceView
com.google.android.material.transformation.ExpandableBehavior
com.google.android.datatransport.runtime.scheduling.jobscheduling.JobInfoSchedulerService
androidx.appcompat.view.menu.ActionMenuItemView
androidx.recyclerview.widget.GridLayoutManager
androidx.lifecycle.ReflectiveGenericLifecycleObserver
androidx.recyclerview.widget.RecyclerView
com.google.android.gms.flags.impl.FlagProviderImpl
android.support.v4.media.session.MediaSessionCompat$Token
com.google.android.material.timepicker.ClockHandView
com.google.android.material.appbar.MaterialToolbar
com.google.android.material.textview.MaterialTextView
androidx.appcompat.widget.Toolbar
androidx.media.AudioAttributesImplApi21
androidx.activity.ComponentActivity$3
com.google.mlkit.common.internal.MlKitComponentDiscoveryService
com.google.android.material.datepicker.MaterialCalendarGridView
com.google.android.material.snackbar.BaseTransientBottomBar$Behavior
com.google.android.gms.vision.face.internal.client.LandmarkParcel