android-app/EarlyBird/app/build/outputs/mapping/release/usage.txt
com.underdogdeveloper.earlybird.Activities.CameraConnectionFragment$ErrorDialog:
    private static final java.lang.String ARG_MESSAGE
com.underdogdeveloper.earlybird.Activities.CameraConnectionFragment:
    private static final java.lang.String FRAGMENT_DIALOG
    private static final int MINIMUM_PREVIEW_SIZE
com.underdogdeveloper.earlybird.Activities.DetectorActivity:
    private static final boolean MAINTAIN_ASPECT
    private static final float MINIMUM_CONFIDENCE_TF_OD_API
    private static final boolean SAVE_PREVIEW_BITMAP
    private static final float TEXT_SIZE_DIP
    private static final int TF_OD_API_INPUT_SIZE
    private static final boolean TF_OD_API_IS_QUANTIZED
    private static final java.lang.String TF_OD_API_LABELS_FILE
    private static final java.lang.String TF_OD_API_MODEL_FILE
    int mapoutTime
    private synthetic void lambda$setNumThreads$1(int)
    private synthetic void lambda$setUseNNAPI$0(boolean)
    protected void setNumThreads(int)
    protected void setUseNNAPI(boolean)
com.underdogdeveloper.earlybird.Activities.FaceDetectionActivity:
    private static final java.lang.String KEY_USE_FACING
    private static final int PERMISSIONS_REQUEST
    private static final java.lang.String PERMISSION_CAMERA
    protected byte[] getLuminance()
    protected int getLuminanceStride()
    protected abstract void setNumThreads(int)
    protected abstract void setUseNNAPI(boolean)
com.underdogdeveloper.earlybird.Activities.LegacyCameraConnectionFragment:
    private static final java.lang.String KEY_FACING
com.underdogdeveloper.earlybird.Activities.MainActivity:
    android.view.View header
com.underdogdeveloper.earlybird.Activities.SetMapoutActivity:
    public static final int MAX_MAPOUT_TIME
com.underdogdeveloper.earlybird.BuildConfig
com.underdogdeveloper.earlybird.DbHandler:
    private static final java.lang.String dbName
    private static final int version
com.underdogdeveloper.earlybird.Helper.GraphicOverlay$Graphic
com.underdogdeveloper.earlybird.Helper.GraphicOverlay
com.underdogdeveloper.earlybird.Helper.RectOverlay
com.underdogdeveloper.earlybird.Models.AlarmModel:
    public void <init>(int,int,java.lang.String,int)
com.underdogdeveloper.earlybird.Models.TimeModel:
    java.lang.String meredian
    public java.lang.String getMeredian()
    public void setMeredian(java.lang.String)
com.underdogdeveloper.earlybird.R$anim
com.underdogdeveloper.earlybird.R$animator
com.underdogdeveloper.earlybird.R$array
com.underdogdeveloper.earlybird.R$attr
com.underdogdeveloper.earlybird.R$bool
com.underdogdeveloper.earlybird.R$color
com.underdogdeveloper.earlybird.R$dimen
com.underdogdeveloper.earlybird.R$drawable
com.underdogdeveloper.earlybird.R$font
com.underdogdeveloper.earlybird.R$id
com.underdogdeveloper.earlybird.R$integer
com.underdogdeveloper.earlybird.R$interpolator
com.underdogdeveloper.earlybird.R$layout
com.underdogdeveloper.earlybird.R$menu
com.underdogdeveloper.earlybird.R$mipmap
com.underdogdeveloper.earlybird.R$plurals
com.underdogdeveloper.earlybird.R$raw
com.underdogdeveloper.earlybird.R$string
com.underdogdeveloper.earlybird.R$style
...
com.google.android.gms.internal.clearcut.zzat:
    public abstract com.google.android.gms.internal.clearcut.zzat zza(com.google.android.gms.internal.clearcut.zzas)
    public final synthetic com.google.android.gms.internal.clearcut.zzdp zza(com.google.android.gms.internal.clearcut.zzdo)
com.google.android.gms.internal.clearcut.zzau:
    public static final com.google.android.gms.internal.clearcut.zzbt zzez
com.google.android.gms.internal.clearcut.zzaw:
    public static java.lang.Class zze(java.lang.String)
    public static java.lang.Class zzy()
com.google.android.gms.internal.clearcut.zzax
com.google.android.gms.internal.clearcut.zzaz:
    public static final com.google.android.gms.internal.clearcut.zzaz zzfg
    public final void addBoolean(boolean)
com.google.android.gms.internal.clearcut.zzb:
    public boolean dispatchTransaction(int,android.os.Parcel,android.os.Parcel,int)
com.google.android.gms.internal.clearcut.zzbb:
    public abstract com.google.android.gms.internal.clearcut.zzbb zza(int,int)
    public final int zzab()
    public static int zzb(int,int,int)
    public static com.google.android.gms.internal.clearcut.zzbb zzf(java.lang.String)
    public static com.google.android.gms.internal.clearcut.zzbg zzk(int)
    public final java.lang.String zzz()
com.google.android.gms.internal.clearcut.zzbc:
    public final byte nextByte()
com.google.android.gms.internal.clearcut.zzbd:
    public void <init>()
com.google.android.gms.internal.clearcut.zzbe
com.google.android.gms.internal.clearcut.zzbg
com.google.android.gms.internal.clearcut.zzbh
com.google.android.gms.internal.clearcut.zzbi:
    private void constructor$com$google$android$gms$internal$clearcut$zzbh()
    public final com.google.android.gms.internal.clearcut.zzbb zza(int,int)
    public final boolean zza(com.google.android.gms.internal.clearcut.zzbb,int)
com.google.android.gms.internal.clearcut.zzbj:
    public void <init>()
com.google.android.gms.internal.clearcut.zzbk
com.google.android.gms.internal.clearcut.zzbl
com.google.android.gms.internal.clearcut.zzbm:
    public final byte[] buffer
    public int limit
    public int pos
    public int zzfq
    public int zzfr
    public boolean zzfs
    public static volatile boolean zzft
    public final boolean zzfu
    public int zzfv
    public int zzfw
    public int zzfx
    public static void <clinit>()
    public void <init>(byte[],int,int,boolean)
    public void <init>(byte[],int,int,boolean,com.google.android.gms.internal.clearcut.zzbl)
    private void constructor$com$google$android$gms$internal$clearcut$zzbk()
    private void constructor$com$google$android$gms$internal$clearcut$zzbka()
    public static com.google.android.gms.internal.clearcut.zzbm zza(byte[],int)
    public final int zzaf()
    public final int zzl(int)
com.google.android.gms.internal.clearcut.zzbn$zza:
    public final void zza(com.google.android.gms.internal.clearcut.zzdo,com.google.android.gms.internal.clearcut.zzef)
    public final int zzai()
    public final void zzd(byte[],int,int)
com.google.android.gms.internal.clearcut.zzbn$zzd:
    public final int zzgb
    public final void zzd(byte[],int,int)
    public final void zzi(java.lang.String)
com.google.android.gms.internal.clearcut.zzbn$zze:
    public final void zzd(byte[],int,int)
    public final void zzk(long)